# JRE version: Java(TM) SE Runtime Environment (8.0_31-b13) (build 1.8.0_31-b13)
# Java VM: Java HotSpot(TM) 64-Bit Server VM (25.31-b07 mixed mode windows-amd64 compressed oops)
Heap:
 PSYoungGen      total 80896K, used 4066K [0x00000000d5f00000, 0x00000000dc400000, 0x0000000100000000)
  eden space 76800K, 0% used [0x00000000d5f00000,0x00000000d5f00000,0x00000000daa00000)
  from space 4096K, 99% used [0x00000000dc000000,0x00000000dc3f88f8,0x00000000dc400000)
  to   space 12800K, 0% used [0x00000000dab00000,0x00000000dab00000,0x00000000db780000)
 ParOldGen       total 51712K, used 34752K [0x0000000081c00000, 0x0000000084e80000, 0x00000000d5f00000)
  object space 51712K, 67% used [0x0000000081c00000,0x0000000083df0040,0x0000000084e80000)
 Metaspace       used 49883K, capacity 52299K, committed 52480K, reserved 1097728K
  class space    used 6915K, capacity 7333K, committed 7424K, reserved 1048576K
GC Heap History (10 events):
Event: 12.153 GC heap after
Heap after GC invocations=14 (full 2):
 PSYoungGen      total 80896K, used 3960K [0x00000000d5f00000, 0x00000000dc400000, 0x0000000100000000)
  eden space 76800K, 0% used [0x00000000d5f00000,0x00000000d5f00000,0x00000000daa00000)
  from space 4096K, 96% used [0x00000000dc000000,0x00000000dc3de328,0x00000000dc400000)
  to   space 12800K, 0% used [0x00000000dab00000,0x00000000dab00000,0x00000000db780000)
 ParOldGen       total 51712K, used 21951K [0x0000000081c00000, 0x0000000084e80000, 0x00000000d5f00000)
  object space 51712K, 42% used [0x0000000081c00000,0x000000008316fee0,0x0000000084e80000)
 Metaspace       used 36074K, capacity 37876K, committed 38144K, reserved 1081344K
  class space    used 4981K, capacity 5284K, committed 5376K, reserved 1048576K
}
Event: 12.889 GC heap before
{Heap before GC invocations=15 (full 2):
 PSYoungGen      total 80896K, used 80760K [0x00000000d5f00000, 0x00000000dc400000, 0x0000000100000000)
  eden space 76800K, 100% used [0x00000000d5f00000,0x00000000daa00000,0x00000000daa00000)
  from space 4096K, 96% used [0x00000000dc000000,0x00000000dc3de328,0x00000000dc400000)
  to   space 12800K, 0% used [0x00000000dab00000,0x00000000dab00000,0x00000000db780000)
 ParOldGen       total 51712K, used 21951K [0x0000000081c00000, 0x0000000084e80000, 0x00000000d5f00000)
  object space 51712K, 42% used [0x0000000081c00000,0x000000008316fee0,0x0000000084e80000)
 Metaspace       used 40432K, capacity 42394K, committed 42624K, reserved 1085440K
  class space    used 5571K, capacity 5946K, committed 6016K, reserved 1048576K
Event: 12.899 GC heap after
Heap after GC invocations=15 (full 2):
 PSYoungGen      total 89600K, used 5409K [0x00000000d5f00000, 0x00000000dc400000, 0x0000000100000000)
  eden space 76800K, 0% used [0x00000000d5f00000,0x00000000d5f00000,0x00000000daa00000)
  from space 12800K, 42% used [0x00000000dab00000,0x00000000db048670,0x00000000db780000)
  to   space 4096K, 0% used [0x00000000dc000000,0x00000000dc000000,0x00000000dc400000)
 ParOldGen       total 51712K, used 24191K [0x0000000081c00000, 0x0000000084e80000, 0x00000000d5f00000)
  object space 51712K, 46% used [0x0000000081c00000,0x000000008339ff10,0x0000000084e80000)
 Metaspace       used 40432K, capacity 42394K, committed 42624K, reserved 1085440K
  class space    used 5571K, capacity 5946K, committed 6016K, reserved 1048576K
}
Event: 14.985 GC heap before
{Heap before GC invocations=16 (full 2):
 PSYoungGen      total 89600K, used 82209K [0x00000000d5f00000, 0x00000000dc400000, 0x0000000100000000)
  eden space 76800K, 100% used [0x00000000d5f00000,0x00000000daa00000,0x00000000daa00000)
  from space 12800K, 42% used [0x00000000dab00000,0x00000000db048670,0x00000000db780000)
  to   space 4096K, 0% used [0x00000000dc000000,0x00000000dc000000,0x00000000dc400000)
 ParOldGen       total 51712K, used 24191K [0x0000000081c00000, 0x0000000084e80000, 0x00000000d5f00000)
  object space 51712K, 46% used [0x0000000081c00000,0x000000008339ff10,0x0000000084e80000)
 Metaspace       used 42763K, capacity 45094K, committed 45312K, reserved 1087488K
  class space    used 5919K, capacity 6322K, committed 6400K, reserved 1048576K
Event: 14.993 GC heap after
Heap after GC invocations=16 (full 2):
 PSYoungGen      total 80896K, used 4072K [0x00000000d5f00000, 0x00000000dc400000, 0x0000000100000000)
  eden space 76800K, 0% used [0x00000000d5f00000,0x00000000d5f00000,0x00000000daa00000)
  from space 4096K, 99% used [0x00000000dc000000,0x00000000dc3fa020,0x00000000dc400000)
  to   space 12800K, 0% used [0x00000000dab00000,0x00000000dab00000,0x00000000db780000)
 ParOldGen       total 51712K, used 28137K [0x0000000081c00000, 0x0000000084e80000, 0x00000000d5f00000)
  object space 51712K, 54% used [0x0000000081c00000,0x000000008377a698,0x0000000084e80000)
 Metaspace       used 42763K, capacity 45094K, committed 45312K, reserved 1087488K
  class space    used 5919K, capacity 6322K, committed 6400K, reserved 1048576K
}
Event: 15.615 GC heap before
{Heap before GC invocations=17 (full 2):
 PSYoungGen      total 80896K, used 80872K [0x00000000d5f00000, 0x00000000dc400000, 0x0000000100000000)
  eden space 76800K, 100% used [0x00000000d5f00000,0x00000000daa00000,0x00000000daa00000)
  from space 4096K, 99% used [0x00000000dc000000,0x00000000dc3fa020,0x00000000dc400000)
  to   space 12800K, 0% used [0x00000000dab00000,0x00000000dab00000,0x00000000db780000)
 ParOldGen       total 51712K, used 28137K [0x0000000081c00000, 0x0000000084e80000, 0x00000000d5f00000)
  object space 51712K, 54% used [0x0000000081c00000,0x000000008377a698,0x0000000084e80000)
 Metaspace       used 47443K, capacity 49818K, committed 50048K, reserved 1091584K
  class space    used 6578K, capacity 6960K, committed 7040K, reserved 1048576K
Event: 15.627 GC heap after
Heap after GC invocations=17 (full 2):
 PSYoungGen      total 89600K, used 6747K [0x00000000d5f00000, 0x00000000dc400000, 0x0000000100000000)
  eden space 76800K, 0% used [0x00000000d5f00000,0x00000000d5f00000,0x00000000daa00000)
  from space 12800K, 52% used [0x00000000dab00000,0x00000000db196de8,0x00000000db780000)
  to   space 4096K, 0% used [0x00000000dc000000,0x00000000dc000000,0x00000000dc400000)
 ParOldGen       total 51712K, used 32229K [0x0000000081c00000, 0x0000000084e80000, 0x00000000d5f00000)
  object space 51712K, 62% used [0x0000000081c00000,0x0000000083b79748,0x0000000084e80000)
 Metaspace       used 47443K, capacity 49818K, committed 50048K, reserved 1091584K
  class space    used 6578K, capacity 6960K, committed 7040K, reserved 1048576K
}
Event: 16.112 GC heap before
{Heap before GC invocations=18 (full 2):
 PSYoungGen      total 89600K, used 44490K [0x00000000d5f00000, 0x00000000dc400000, 0x0000000100000000)
  eden space 76800K, 49% used [0x00000000d5f00000,0x00000000d83dbe10,0x00000000daa00000)
  from space 12800K, 52% used [0x00000000dab00000,0x00000000db196de8,0x00000000db780000)
  to   space 4096K, 0% used [0x00000000dc000000,0x00000000dc000000,0x00000000dc400000)
 ParOldGen       total 51712K, used 32229K [0x0000000081c00000, 0x0000000084e80000, 0x00000000d5f00000)
  object space 51712K, 62% used [0x0000000081c00000,0x0000000083b79748,0x0000000084e80000)
 Metaspace       used 49883K, capacity 52299K, committed 52480K, reserved 1097728K
  class space    used 6915K, capacity 7333K, committed 7424K, reserved 1048576K
Event: 16.121 GC heap after
Heap after GC invocations=18 (full 2):
 PSYoungGen      total 80896K, used 4066K [0x00000000d5f00000, 0x00000000dc400000, 0x0000000100000000)
  eden space 76800K, 0% used [0x00000000d5f00000,0x00000000d5f00000,0x00000000daa00000)
  from space 4096K, 99% used [0x00000000dc000000,0x00000000dc3f88f8,0x00000000dc400000)
  to   space 12800K, 0% used [0x00000000dab00000,0x00000000dab00000,0x00000000db780000)
 ParOldGen       total 51712K, used 34752K [0x0000000081c00000, 0x0000000084e80000, 0x00000000d5f00000)
  object space 51712K, 67% used [0x0000000081c00000,0x0000000083df0040,0x0000000084e80000)
 Metaspace       used 49883K, capacity 52299K, committed 52480K, reserved 1097728K
  class space    used 6915K, capacity 7333K, committed 7424K, reserved 1048576K
}
Event: 16.121 GC heap before
{Heap before GC invocations=19 (full 3):
 PSYoungGen      total 80896K, used 4066K [0x00000000d5f00000, 0x00000000dc400000, 0x0000000100000000)
  eden space 76800K, 0% used [0x00000000d5f00000,0x00000000d5f00000,0x00000000daa00000)
  from space 4096K, 99% used [0x00000000dc000000,0x00000000dc3f88f8,0x00000000dc400000)
  to   space 12800K, 0% used [0x00000000dab00000,0x00000000dab00000,0x00000000db780000)
 ParOldGen       total 51712K, used 34752K [0x0000000081c00000, 0x0000000084e80000, 0x00000000d5f00000)
  object space 51712K, 67% used [0x0000000081c00000,0x0000000083df0040,0x0000000084e80000)
 Metaspace       used 49883K, capacity 52299K, committed 52480K, reserved 1097728K
  class space    used 6915K, capacity 7333K, committed 7424K, reserved 1048576K

