# JRE version: Java(TM) SE Runtime Environment (8.0_31-b13) (build 1.8.0_31-b13)
# Java VM: Java HotSpot(TM) 64-Bit Server VM (25.31-b07 mixed mode windows-amd64 compressed oops)
Heap:
 PSYoungGen      total 164864K, used 13815K [0x00000000d5f00000, 0x00000000e1a80000, 0x0000000100000000)
  eden space 151040K, 0% used [0x00000000d5f00000,0x00000000d5f00000,0x00000000df280000)
  from space 13824K, 99% used [0x00000000df280000,0x00000000dfffddc0,0x00000000e0000000)
  to   space 14336K, 0% used [0x00000000e0000000,0x00000000e0000000,0x00000000e0e00000)
 ParOldGen       total 55808K, used 25640K [0x0000000081c00000, 0x0000000085280000, 0x00000000d5f00000)
  object space 55808K, 45% used [0x0000000081c00000,0x000000008350a2e0,0x0000000085280000)
 Metaspace       used 46187K, capacity 48446K, committed 48512K, reserved 1095680K
  class space    used 6374K, capacity 6780K, committed 6784K, reserved 1048576K
GC Heap History (10 events):
Event: 7.598 GC heap after
Heap after GC invocations=9 (full 1):
 PSYoungGen      total 114176K, used 5600K [0x00000000d5f00000, 0x00000000def80000, 0x0000000100000000)
  eden space 108544K, 0% used [0x00000000d5f00000,0x00000000d5f00000,0x00000000dc900000)
  from space 5632K, 99% used [0x00000000dea00000,0x00000000def78010,0x00000000def80000)
  to   space 9216K, 0% used [0x00000000ddd80000,0x00000000ddd80000,0x00000000de680000)
 ParOldGen       total 55808K, used 16000K [0x0000000081c00000, 0x0000000085280000, 0x00000000d5f00000)
  object space 55808K, 28% used [0x0000000081c00000,0x0000000082ba0140,0x0000000085280000)
 Metaspace       used 30603K, capacity 32060K, committed 32256K, reserved 1077248K
  class space    used 4223K, capacity 4500K, committed 4608K, reserved 1048576K
}
Event: 9.232 GC heap before
{Heap before GC invocations=10 (full 1):
 PSYoungGen      total 114176K, used 79691K [0x00000000d5f00000, 0x00000000def80000, 0x0000000100000000)
  eden space 108544K, 68% used [0x00000000d5f00000,0x00000000da75aeb8,0x00000000dc900000)
  from space 5632K, 99% used [0x00000000dea00000,0x00000000def78010,0x00000000def80000)
  to   space 9216K, 0% used [0x00000000ddd80000,0x00000000ddd80000,0x00000000de680000)
 ParOldGen       total 55808K, used 16000K [0x0000000081c00000, 0x0000000085280000, 0x00000000d5f00000)
  object space 55808K, 28% used [0x0000000081c00000,0x0000000082ba0140,0x0000000085280000)
 Metaspace       used 33730K, capacity 35344K, committed 35456K, reserved 1079296K
  class space    used 4651K, capacity 4938K, committed 4992K, reserved 1048576K
Event: 9.243 GC heap after
Heap after GC invocations=10 (full 1):
 PSYoungGen      total 138752K, used 9196K [0x00000000d5f00000, 0x00000000e0e00000, 0x0000000100000000)
  eden space 129536K, 0% used [0x00000000d5f00000,0x00000000d5f00000,0x00000000ddd80000)
  from space 9216K, 99% used [0x00000000ddd80000,0x00000000de67b0e0,0x00000000de680000)
  to   space 14336K, 0% used [0x00000000e0000000,0x00000000e0000000,0x00000000e0e00000)
 ParOldGen       total 55808K, used 19351K [0x0000000081c00000, 0x0000000085280000, 0x00000000d5f00000)
  object space 55808K, 34% used [0x0000000081c00000,0x0000000082ee5d18,0x0000000085280000)
 Metaspace       used 33730K, capacity 35344K, committed 35456K, reserved 1079296K
  class space    used 4651K, capacity 4938K, committed 4992K, reserved 1048576K
}
Event: 9.243 GC heap before
{Heap before GC invocations=11 (full 2):
 PSYoungGen      total 138752K, used 9196K [0x00000000d5f00000, 0x00000000e0e00000, 0x0000000100000000)
  eden space 129536K, 0% used [0x00000000d5f00000,0x00000000d5f00000,0x00000000ddd80000)
  from space 9216K, 99% used [0x00000000ddd80000,0x00000000de67b0e0,0x00000000de680000)
  to   space 14336K, 0% used [0x00000000e0000000,0x00000000e0000000,0x00000000e0e00000)
 ParOldGen       total 55808K, used 19351K [0x0000000081c00000, 0x0000000085280000, 0x00000000d5f00000)
  object space 55808K, 34% used [0x0000000081c00000,0x0000000082ee5d18,0x0000000085280000)
 Metaspace       used 33730K, capacity 35344K, committed 35456K, reserved 1079296K
  class space    used 4651K, capacity 4938K, committed 4992K, reserved 1048576K
Event: 9.347 GC heap after
Heap after GC invocations=11 (full 2):
 PSYoungGen      total 138752K, used 0K [0x00000000d5f00000, 0x00000000e0e00000, 0x0000000100000000)
  eden space 129536K, 0% used [0x00000000d5f00000,0x00000000d5f00000,0x00000000ddd80000)
  from space 9216K, 0% used [0x00000000ddd80000,0x00000000ddd80000,0x00000000de680000)
  to   space 14336K, 0% used [0x00000000e0000000,0x00000000e0000000,0x00000000e0e00000)
 ParOldGen       total 55808K, used 24997K [0x0000000081c00000, 0x0000000085280000, 0x00000000d5f00000)
  object space 55808K, 44% used [0x0000000081c00000,0x0000000083469608,0x0000000085280000)
 Metaspace       used 33730K, capacity 35344K, committed 35456K, reserved 1079296K
  class space    used 4651K, capacity 4938K, committed 4992K, reserved 1048576K
}
Event: 12.126 GC heap before
{Heap before GC invocations=12 (full 2):
 PSYoungGen      total 138752K, used 129536K [0x00000000d5f00000, 0x00000000e0e00000, 0x0000000100000000)
  eden space 129536K, 100% used [0x00000000d5f00000,0x00000000ddd80000,0x00000000ddd80000)
  from space 9216K, 0% used [0x00000000ddd80000,0x00000000ddd80000,0x00000000de680000)
  to   space 14336K, 0% used [0x00000000e0000000,0x00000000e0000000,0x00000000e0e00000)
 ParOldGen       total 55808K, used 24997K [0x0000000081c00000, 0x0000000085280000, 0x00000000d5f00000)
  object space 55808K, 44% used [0x0000000081c00000,0x0000000083469608,0x0000000085280000)
 Metaspace       used 39887K, capacity 41724K, committed 41984K, reserved 1085440K
  class space    used 5471K, capacity 5804K, committed 5888K, reserved 1048576K
Event: 12.134 GC heap after
Heap after GC invocations=12 (full 2):
 PSYoungGen      total 165376K, used 8161K [0x00000000d5f00000, 0x00000000e1a80000, 0x0000000100000000)
  eden space 151040K, 0% used [0x00000000d5f00000,0x00000000d5f00000,0x00000000df280000)
  from space 14336K, 56% used [0x00000000e0000000,0x00000000e07f85f0,0x00000000e0e00000)
  to   space 13824K, 0% used [0x00000000df280000,0x00000000df280000,0x00000000e0000000)
 ParOldGen       total 55808K, used 25005K [0x0000000081c00000, 0x0000000085280000, 0x00000000d5f00000)
  object space 55808K, 44% used [0x0000000081c00000,0x000000008346b608,0x0000000085280000)
 Metaspace       used 39887K, capacity 41724K, committed 41984K, reserved 1085440K
  class space    used 5471K, capacity 5804K, committed 5888K, reserved 1048576K
}
Event: 14.624 GC heap before
{Heap before GC invocations=13 (full 2):
 PSYoungGen      total 165376K, used 141864K [0x00000000d5f00000, 0x00000000e1a80000, 0x0000000100000000)
  eden space 151040K, 88% used [0x00000000d5f00000,0x00000000de191c38,0x00000000df280000)
  from space 14336K, 56% used [0x00000000e0000000,0x00000000e07f85f0,0x00000000e0e00000)
  to   space 13824K, 0% used [0x00000000df280000,0x00000000df280000,0x00000000e0000000)
 ParOldGen       total 55808K, used 25005K [0x0000000081c00000, 0x0000000085280000, 0x00000000d5f00000)
  object space 55808K, 44% used [0x0000000081c00000,0x000000008346b608,0x0000000085280000)
 Metaspace       used 46187K, capacity 48446K, committed 48512K, reserved 1095680K
  class space    used 6374K, capacity 6780K, committed 6784K, reserved 1048576K
Event: 14.640 GC heap after
Heap after GC invocations=13 (full 2):
 PSYoungGen      total 164864K, used 13815K [0x00000000d5f00000, 0x00000000e1a80000, 0x0000000100000000)
  eden space 151040K, 0% used [0x00000000d5f00000,0x00000000d5f00000,0x00000000df280000)
  from space 13824K, 99% used [0x00000000df280000,0x00000000dfffddc0,0x00000000e0000000)
  to   space 14336K, 0% used [0x00000000e0000000,0x00000000e0000000,0x00000000e0e00000)
 ParOldGen       total 55808K, used 25640K [0x0000000081c00000, 0x0000000085280000, 0x00000000d5f00000)
  object space 55808K, 45% used [0x0000000081c00000,0x000000008350a2e0,0x0000000085280000)
 Metaspace       used 46187K, capacity 48446K, committed 48512K, reserved 1095680K
  class space    used 6374K, capacity 6780K, committed 6784K, reserved 1048576K
}
Event: 14.640 GC heap before
{Heap before GC invocations=14 (full 3):
 PSYoungGen      total 164864K, used 13815K [0x00000000d5f00000, 0x00000000e1a80000, 0x0000000100000000)
  eden space 151040K, 0% used [0x00000000d5f00000,0x00000000d5f00000,0x00000000df280000)
  from space 13824K, 99% used [0x00000000df280000,0x00000000dfffddc0,0x00000000e0000000)
  to   space 14336K, 0% used [0x00000000e0000000,0x00000000e0000000,0x00000000e0e00000)
 ParOldGen       total 55808K, used 25640K [0x0000000081c00000, 0x0000000085280000, 0x00000000d5f00000)
  object space 55808K, 45% used [0x0000000081c00000,0x000000008350a2e0,0x0000000085280000)
 Metaspace       used 46187K, capacity 48446K, committed 48512K, reserved 1095680K
  class space    used 6374K, capacity 6780K, committed 6784K, reserved 1048576K

