# JRE version: Java(TM) SE Runtime Environment (8.0_31-b13) (build 1.8.0_31-b13)
# Java VM: Java HotSpot(TM) 64-Bit Server VM (25.31-b07 mixed mode windows-amd64 compressed oops)
Heap:
 PSYoungGen      total 114176K, used 30631K [0x00000000d5f00000, 0x00000000dda80000, 0x0000000100000000)
  eden space 104448K, 20% used [0x00000000d5f00000,0x00000000d744bc38,0x00000000dc500000)
  from space 9728K, 90% used [0x00000000dc500000,0x00000000dcd9e080,0x00000000dce80000)
  to   space 8704K, 0% used [0x00000000dce80000,0x00000000dce80000,0x00000000dd700000)
 ParOldGen       total 54784K, used 33077K [0x0000000081c00000, 0x0000000085180000, 0x00000000d5f00000)
  object space 54784K, 60% used [0x0000000081c00000,0x0000000083c4d6e0,0x0000000085180000)
 Metaspace       used 50495K, capacity 52936K, committed 53248K, reserved 1095680K
  class space    used 6996K, capacity 7413K, committed 7424K, reserved 1048576K
GC Heap History (10 events):
Event: 9.475 GC heap before
{Heap before GC invocations=11 (full 1):
 PSYoungGen      total 114176K, used 78755K [0x00000000d5f00000, 0x00000000dda80000, 0x0000000100000000)
  eden space 104448K, 66% used [0x00000000d5f00000,0x00000000da26bf60,0x00000000dc500000)
  from space 9728K, 99% used [0x00000000dc500000,0x00000000dce7cfc0,0x00000000dce80000)
  to   space 8704K, 0% used [0x00000000dce80000,0x00000000dce80000,0x00000000dd700000)
 ParOldGen       total 54784K, used 15146K [0x0000000081c00000, 0x0000000085180000, 0x00000000d5f00000)
  object space 54784K, 27% used [0x0000000081c00000,0x0000000082acab48,0x0000000085180000)
 Metaspace       used 33794K, capacity 35434K, committed 35496K, reserved 1079296K
  class space    used 4665K, capacity 4967K, committed 4992K, reserved 1048576K
Event: 9.487 GC heap after
Heap after GC invocations=11 (full 1):
 PSYoungGen      total 113152K, used 8688K [0x00000000d5f00000, 0x00000000dda80000, 0x0000000100000000)
  eden space 104448K, 0% used [0x00000000d5f00000,0x00000000d5f00000,0x00000000dc500000)
  from space 8704K, 99% used [0x00000000dce80000,0x00000000dd6fc0e0,0x00000000dd700000)
  to   space 9728K, 0% used [0x00000000dc500000,0x00000000dc500000,0x00000000dce80000)
 ParOldGen       total 54784K, used 19958K [0x0000000081c00000, 0x0000000085180000, 0x00000000d5f00000)
  object space 54784K, 36% used [0x0000000081c00000,0x0000000082f7d9e0,0x0000000085180000)
 Metaspace       used 33794K, capacity 35434K, committed 35496K, reserved 1079296K
  class space    used 4665K, capacity 4967K, committed 4992K, reserved 1048576K
}
Event: 9.487 GC heap before
{Heap before GC invocations=12 (full 2):
 PSYoungGen      total 113152K, used 8688K [0x00000000d5f00000, 0x00000000dda80000, 0x0000000100000000)
  eden space 104448K, 0% used [0x00000000d5f00000,0x00000000d5f00000,0x00000000dc500000)
  from space 8704K, 99% used [0x00000000dce80000,0x00000000dd6fc0e0,0x00000000dd700000)
  to   space 9728K, 0% used [0x00000000dc500000,0x00000000dc500000,0x00000000dce80000)
 ParOldGen       total 54784K, used 19958K [0x0000000081c00000, 0x0000000085180000, 0x00000000d5f00000)
  object space 54784K, 36% used [0x0000000081c00000,0x0000000082f7d9e0,0x0000000085180000)
 Metaspace       used 33794K, capacity 35434K, committed 35496K, reserved 1079296K
  class space    used 4665K, capacity 4967K, committed 4992K, reserved 1048576K
Event: 9.592 GC heap after
Heap after GC invocations=12 (full 2):
 PSYoungGen      total 113152K, used 0K [0x00000000d5f00000, 0x00000000dda80000, 0x0000000100000000)
  eden space 104448K, 0% used [0x00000000d5f00000,0x00000000d5f00000,0x00000000dc500000)
  from space 8704K, 0% used [0x00000000dce80000,0x00000000dce80000,0x00000000dd700000)
  to   space 9728K, 0% used [0x00000000dc500000,0x00000000dc500000,0x00000000dce80000)
 ParOldGen       total 54784K, used 22719K [0x0000000081c00000, 0x0000000085180000, 0x00000000d5f00000)
  object space 54784K, 41% used [0x0000000081c00000,0x000000008322fdb8,0x0000000085180000)
 Metaspace       used 33794K, capacity 35434K, committed 35496K, reserved 1079296K
  class space    used 4665K, capacity 4967K, committed 4992K, reserved 1048576K
}
Event: 11.880 GC heap before
{Heap before GC invocations=13 (full 2):
 PSYoungGen      total 113152K, used 104448K [0x00000000d5f00000, 0x00000000dda80000, 0x0000000100000000)
  eden space 104448K, 100% used [0x00000000d5f00000,0x00000000dc500000,0x00000000dc500000)
  from space 8704K, 0% used [0x00000000dce80000,0x00000000dce80000,0x00000000dd700000)
  to   space 9728K, 0% used [0x00000000dc500000,0x00000000dc500000,0x00000000dce80000)
 ParOldGen       total 54784K, used 22719K [0x0000000081c00000, 0x0000000085180000, 0x00000000d5f00000)
  object space 54784K, 41% used [0x0000000081c00000,0x000000008322fdb8,0x0000000085180000)
 Metaspace       used 39288K, capacity 41178K, committed 41344K, reserved 1085440K
  class space    used 5425K, capacity 5752K, committed 5760K, reserved 1048576K
Event: 11.887 GC heap after
Heap after GC invocations=13 (full 2):
 PSYoungGen      total 114176K, used 6660K [0x00000000d5f00000, 0x00000000dda80000, 0x0000000100000000)
  eden space 104448K, 0% used [0x00000000d5f00000,0x00000000d5f00000,0x00000000dc500000)
  from space 9728K, 68% used [0x00000000dc500000,0x00000000dcb81060,0x00000000dce80000)
  to   space 8704K, 0% used [0x00000000dce80000,0x00000000dce80000,0x00000000dd700000)
 ParOldGen       total 54784K, used 22727K [0x0000000081c00000, 0x0000000085180000, 0x00000000d5f00000)
  object space 54784K, 41% used [0x0000000081c00000,0x0000000083231db8,0x0000000085180000)
 Metaspace       used 39288K, capacity 41178K, committed 41344K, reserved 1085440K
  class space    used 5425K, capacity 5752K, committed 5760K, reserved 1048576K
}
Event: 13.932 GC heap before
{Heap before GC invocations=14 (full 2):
 PSYoungGen      total 114176K, used 111108K [0x00000000d5f00000, 0x00000000dda80000, 0x0000000100000000)
  eden space 104448K, 100% used [0x00000000d5f00000,0x00000000dc500000,0x00000000dc500000)
  from space 9728K, 68% used [0x00000000dc500000,0x00000000dcb81060,0x00000000dce80000)
  to   space 8704K, 0% used [0x00000000dce80000,0x00000000dce80000,0x00000000dd700000)
 ParOldGen       total 54784K, used 22727K [0x0000000081c00000, 0x0000000085180000, 0x00000000d5f00000)
  object space 54784K, 41% used [0x0000000081c00000,0x0000000083231db8,0x0000000085180000)
 Metaspace       used 42688K, capacity 45034K, committed 45312K, reserved 1087488K
  class space    used 5904K, capacity 6286K, committed 6400K, reserved 1048576K
Event: 13.943 GC heap after
Heap after GC invocations=14 (full 2):
 PSYoungGen      total 113152K, used 8680K [0x00000000d5f00000, 0x00000000dda80000, 0x0000000100000000)
  eden space 104448K, 0% used [0x00000000d5f00000,0x00000000d5f00000,0x00000000dc500000)
  from space 8704K, 99% used [0x00000000dce80000,0x00000000dd6fa030,0x00000000dd700000)
  to   space 9728K, 0% used [0x00000000dc500000,0x00000000dc500000,0x00000000dce80000)
 ParOldGen       total 54784K, used 24649K [0x0000000081c00000, 0x0000000085180000, 0x00000000d5f00000)
  object space 54784K, 44% used [0x0000000081c00000,0x0000000083412610,0x0000000085180000)
 Metaspace       used 42688K, capacity 45034K, committed 45312K, reserved 1087488K
  class space    used 5904K, capacity 6286K, committed 6400K, reserved 1048576K
}
Event: 14.997 GC heap before
{Heap before GC invocations=15 (full 2):
 PSYoungGen      total 113152K, used 113128K [0x00000000d5f00000, 0x00000000dda80000, 0x0000000100000000)
  eden space 104448K, 100% used [0x00000000d5f00000,0x00000000dc500000,0x00000000dc500000)
  from space 8704K, 99% used [0x00000000dce80000,0x00000000dd6fa030,0x00000000dd700000)
  to   space 9728K, 0% used [0x00000000dc500000,0x00000000dc500000,0x00000000dce80000)
 ParOldGen       total 54784K, used 24649K [0x0000000081c00000, 0x0000000085180000, 0x00000000d5f00000)
  object space 54784K, 44% used [0x0000000081c00000,0x0000000083412610,0x0000000085180000)
 Metaspace       used 49023K, capacity 51442K, committed 51840K, reserved 1093632K
  class space    used 6794K, capacity 7224K, committed 7296K, reserved 1048576K
Event: 15.018 GC heap after
Heap after GC invocations=15 (full 2):
 PSYoungGen      total 114176K, used 8824K [0x00000000d5f00000, 0x00000000dda80000, 0x0000000100000000)
  eden space 104448K, 0% used [0x00000000d5f00000,0x00000000d5f00000,0x00000000dc500000)
  from space 9728K, 90% used [0x00000000dc500000,0x00000000dcd9e080,0x00000000dce80000)
  to   space 8704K, 0% used [0x00000000dce80000,0x00000000dce80000,0x00000000dd700000)
 ParOldGen       total 54784K, used 33077K [0x0000000081c00000, 0x0000000085180000, 0x00000000d5f00000)
  object space 54784K, 60% used [0x0000000081c00000,0x0000000083c4d6e0,0x0000000085180000)
 Metaspace       used 49023K, capacity 51442K, committed 51840K, reserved 1093632K
  class space    used 6794K, capacity 7224K, committed 7296K, reserved 1048576K
}

