# JRE version: Java(TM) SE Runtime Environment (8.0_31-b13) (build 1.8.0_31-b13)
# Java VM: Java HotSpot(TM) 64-Bit Server VM (25.31-b07 mixed mode windows-amd64 compressed oops)
Heap:
 PSYoungGen      total 138752K, used 106855K [0x00000000d5f00000, 0x00000000e2300000, 0x0000000100000000)
  eden space 129536K, 82% used [0x00000000d5f00000,0x00000000dc759d90,0x00000000ddd80000)
  from space 9216K, 0% used [0x00000000ddd80000,0x00000000ddd80000,0x00000000de680000)
  to   space 10752K, 0% used [0x00000000e1880000,0x00000000e1880000,0x00000000e2300000)
 ParOldGen       total 55296K, used 21808K [0x0000000081c00000, 0x0000000085200000, 0x00000000d5f00000)
  object space 55296K, 39% used [0x0000000081c00000,0x000000008314c3d8,0x0000000085200000)
 Metaspace       used 39026K, capacity 40830K, committed 41088K, reserved 1085440K
  class space    used 5360K, capacity 5685K, committed 5760K, reserved 1048576K
GC Heap History (10 events):
Event: 6.267 GC heap before
{Heap before GC invocations=7 (full 1):
 PSYoungGen      total 71680K, used 66560K [0x00000000d5f00000, 0x00000000df300000, 0x0000000100000000)
  eden space 66560K, 100% used [0x00000000d5f00000,0x00000000da000000,0x00000000da000000)
  from space 5120K, 0% used [0x00000000da000000,0x00000000da000000,0x00000000da500000)
  to   space 9216K, 0% used [0x00000000dea00000,0x00000000dea00000,0x00000000df300000)
 ParOldGen       total 55296K, used 7742K [0x0000000081c00000, 0x0000000085200000, 0x00000000d5f00000)
  object space 55296K, 14% used [0x0000000081c00000,0x000000008238f8b8,0x0000000085200000)
 Metaspace       used 24055K, capacity 24964K, committed 25216K, reserved 1071104K
  class space    used 3259K, capacity 3456K, committed 3456K, reserved 1048576K
Event: 6.273 GC heap after
Heap after GC invocations=7 (full 1):
 PSYoungGen      total 114688K, used 5264K [0x00000000d5f00000, 0x00000000def80000, 0x0000000100000000)
  eden space 109056K, 0% used [0x00000000d5f00000,0x00000000d5f00000,0x00000000dc980000)
  from space 5632K, 93% used [0x00000000dea00000,0x00000000def24110,0x00000000def80000)
  to   space 9216K, 0% used [0x00000000ddd80000,0x00000000ddd80000,0x00000000de680000)
 ParOldGen       total 55296K, used 7750K [0x0000000081c00000, 0x0000000085200000, 0x00000000d5f00000)
  object space 55296K, 14% used [0x0000000081c00000,0x00000000823918b8,0x0000000085200000)
 Metaspace       used 24055K, capacity 24964K, committed 25216K, reserved 1071104K
  class space    used 3259K, capacity 3456K, committed 3456K, reserved 1048576K
}
Event: 6.813 GC heap before
{Heap before GC invocations=8 (full 1):
 PSYoungGen      total 114688K, used 114320K [0x00000000d5f00000, 0x00000000def80000, 0x0000000100000000)
  eden space 109056K, 100% used [0x00000000d5f00000,0x00000000dc980000,0x00000000dc980000)
  from space 5632K, 93% used [0x00000000dea00000,0x00000000def24110,0x00000000def80000)
  to   space 9216K, 0% used [0x00000000ddd80000,0x00000000ddd80000,0x00000000de680000)
 ParOldGen       total 55296K, used 7750K [0x0000000081c00000, 0x0000000085200000, 0x00000000d5f00000)
  object space 55296K, 14% used [0x0000000081c00000,0x00000000823918b8,0x0000000085200000)
 Metaspace       used 26372K, capacity 27398K, committed 27648K, reserved 1073152K
  class space    used 3632K, capacity 3827K, committed 3840K, reserved 1048576K
Event: 6.822 GC heap after
Heap after GC invocations=8 (full 1):
 PSYoungGen      total 138752K, used 9196K [0x00000000d5f00000, 0x00000000e2300000, 0x0000000100000000)
  eden space 129536K, 0% used [0x00000000d5f00000,0x00000000d5f00000,0x00000000ddd80000)
  from space 9216K, 99% used [0x00000000ddd80000,0x00000000de67b210,0x00000000de680000)
  to   space 10752K, 0% used [0x00000000e1880000,0x00000000e1880000,0x00000000e2300000)
 ParOldGen       total 55296K, used 8470K [0x0000000081c00000, 0x0000000085200000, 0x00000000d5f00000)
  object space 55296K, 15% used [0x0000000081c00000,0x0000000082445858,0x0000000085200000)
 Metaspace       used 26372K, capacity 27398K, committed 27648K, reserved 1073152K
  class space    used 3632K, capacity 3827K, committed 3840K, reserved 1048576K
}
Event: 8.681 GC heap before
{Heap before GC invocations=9 (full 1):
 PSYoungGen      total 138752K, used 138732K [0x00000000d5f00000, 0x00000000e2300000, 0x0000000100000000)
  eden space 129536K, 100% used [0x00000000d5f00000,0x00000000ddd80000,0x00000000ddd80000)
  from space 9216K, 99% used [0x00000000ddd80000,0x00000000de67b210,0x00000000de680000)
  to   space 10752K, 0% used [0x00000000e1880000,0x00000000e1880000,0x00000000e2300000)
 ParOldGen       total 55296K, used 8470K [0x0000000081c00000, 0x0000000085200000, 0x00000000d5f00000)
  object space 55296K, 15% used [0x0000000081c00000,0x0000000082445858,0x0000000085200000)
 Metaspace       used 32264K, capacity 33700K, committed 33920K, reserved 1079296K
  class space    used 4428K, capacity 4698K, committed 4736K, reserved 1048576K
Event: 8.696 GC heap after
Heap after GC invocations=9 (full 1):
 PSYoungGen      total 140288K, used 10745K [0x00000000d5f00000, 0x00000000e2300000, 0x0000000100000000)
  eden space 129536K, 0% used [0x00000000d5f00000,0x00000000d5f00000,0x00000000ddd80000)
  from space 10752K, 99% used [0x00000000e1880000,0x00000000e22fe640,0x00000000e2300000)
  to   space 9216K, 0% used [0x00000000ddd80000,0x00000000ddd80000,0x00000000de680000)
 ParOldGen       total 55296K, used 15557K [0x0000000081c00000, 0x0000000085200000, 0x00000000d5f00000)
  object space 55296K, 28% used [0x0000000081c00000,0x0000000082b31580,0x0000000085200000)
 Metaspace       used 32264K, capacity 33700K, committed 33920K, reserved 1079296K
  class space    used 4428K, capacity 4698K, committed 4736K, reserved 1048576K
}
Event: 9.047 GC heap before
{Heap before GC invocations=10 (full 1):
 PSYoungGen      total 140288K, used 66016K [0x00000000d5f00000, 0x00000000e2300000, 0x0000000100000000)
  eden space 129536K, 42% used [0x00000000d5f00000,0x00000000d94f9d78,0x00000000ddd80000)
  from space 10752K, 99% used [0x00000000e1880000,0x00000000e22fe640,0x00000000e2300000)
  to   space 9216K, 0% used [0x00000000ddd80000,0x00000000ddd80000,0x00000000de680000)
 ParOldGen       total 55296K, used 15557K [0x0000000081c00000, 0x0000000085200000, 0x00000000d5f00000)
  object space 55296K, 28% used [0x0000000081c00000,0x0000000082b31580,0x0000000085200000)
 Metaspace       used 33774K, capacity 35396K, committed 35456K, reserved 1079296K
  class space    used 4661K, capacity 4962K, committed 4992K, reserved 1048576K
Event: 9.058 GC heap after
Heap after GC invocations=10 (full 1):
 PSYoungGen      total 138752K, used 9184K [0x00000000d5f00000, 0x00000000e2300000, 0x0000000100000000)
  eden space 129536K, 0% used [0x00000000d5f00000,0x00000000d5f00000,0x00000000ddd80000)
  from space 9216K, 99% used [0x00000000ddd80000,0x00000000de678308,0x00000000de680000)
  to   space 10752K, 0% used [0x00000000e1880000,0x00000000e1880000,0x00000000e2300000)
 ParOldGen       total 55296K, used 19556K [0x0000000081c00000, 0x0000000085200000, 0x00000000d5f00000)
  object space 55296K, 35% used [0x0000000081c00000,0x0000000082f19040,0x0000000085200000)
 Metaspace       used 33774K, capacity 35396K, committed 35456K, reserved 1079296K
  class space    used 4661K, capacity 4962K, committed 4992K, reserved 1048576K
}
Event: 9.058 GC heap before
{Heap before GC invocations=11 (full 2):
 PSYoungGen      total 138752K, used 9184K [0x00000000d5f00000, 0x00000000e2300000, 0x0000000100000000)
  eden space 129536K, 0% used [0x00000000d5f00000,0x00000000d5f00000,0x00000000ddd80000)
  from space 9216K, 99% used [0x00000000ddd80000,0x00000000de678308,0x00000000de680000)
  to   space 10752K, 0% used [0x00000000e1880000,0x00000000e1880000,0x00000000e2300000)
 ParOldGen       total 55296K, used 19556K [0x0000000081c00000, 0x0000000085200000, 0x00000000d5f00000)
  object space 55296K, 35% used [0x0000000081c00000,0x0000000082f19040,0x0000000085200000)
 Metaspace       used 33774K, capacity 35396K, committed 35456K, reserved 1079296K
  class space    used 4661K, capacity 4962K, committed 4992K, reserved 1048576K
Event: 9.166 GC heap after
Heap after GC invocations=11 (full 2):
 PSYoungGen      total 138752K, used 0K [0x00000000d5f00000, 0x00000000e2300000, 0x0000000100000000)
  eden space 129536K, 0% used [0x00000000d5f00000,0x00000000d5f00000,0x00000000ddd80000)
  from space 9216K, 0% used [0x00000000ddd80000,0x00000000ddd80000,0x00000000de680000)
  to   space 10752K, 0% used [0x00000000e1880000,0x00000000e1880000,0x00000000e2300000)
 ParOldGen       total 55296K, used 21808K [0x0000000081c00000, 0x0000000085200000, 0x00000000d5f00000)
  object space 55296K, 39% used [0x0000000081c00000,0x000000008314c3d8,0x0000000085200000)
 Metaspace       used 33774K, capacity 35396K, committed 35456K, reserved 1079296K
  class space    used 4661K, capacity 4962K, committed 4992K, reserved 1048576K
}

